mode: atomic
github.com/autom8ter/machine/pubsub.go:24.102,28.37 4 1
github.com/autom8ter/machine/pubsub.go:31.2,35.15 5 1
github.com/autom8ter/machine/pubsub.go:40.2,40.6 1 1
github.com/autom8ter/machine/pubsub.go:28.37,30.3 1 1
github.com/autom8ter/machine/pubsub.go:35.15,39.3 3 1
github.com/autom8ter/machine/pubsub.go:40.6,41.10 1 5
github.com/autom8ter/machine/pubsub.go:42.21,43.14 1 1
github.com/autom8ter/machine/pubsub.go:44.20,45.16 1 4
github.com/autom8ter/machine/pubsub.go:50.65,51.37 1 5
github.com/autom8ter/machine/pubsub.go:56.2,57.43 2 5
github.com/autom8ter/machine/pubsub.go:60.2,60.12 1 5
github.com/autom8ter/machine/pubsub.go:51.37,55.3 3 0
github.com/autom8ter/machine/pubsub.go:57.43,59.3 1 4
github.com/autom8ter/machine/pubsub.go:63.26,64.24 1 4
github.com/autom8ter/machine/pubsub.go:64.24,67.37 3 3
github.com/autom8ter/machine/pubsub.go:67.37,69.4 1 1
github.com/autom8ter/machine/stats.go:25.32,28.2 2 18
github.com/autom8ter/machine/cache.go:27.63,33.12 3 3
github.com/autom8ter/machine/cache.go:44.2,44.10 1 3
github.com/autom8ter/machine/cache.go:33.12,35.7 2 3
github.com/autom8ter/machine/cache.go:35.7,36.11 1 3
github.com/autom8ter/machine/cache.go:37.24,38.11 1 3
github.com/autom8ter/machine/cache.go:39.20,40.13 1 0
github.com/autom8ter/machine/cache.go:53.66,55.9 2 7
github.com/autom8ter/machine/cache.go:63.2,63.22 1 6
github.com/autom8ter/machine/cache.go:55.9,62.3 3 1
github.com/autom8ter/machine/cache.go:66.53,69.2 2 0
github.com/autom8ter/machine/cache.go:71.86,74.2 2 3
github.com/autom8ter/machine/cache.go:76.109,79.2 2 2
github.com/autom8ter/machine/cache.go:81.100,84.2 2 0
github.com/autom8ter/machine/cache.go:86.69,89.2 2 1
github.com/autom8ter/machine/cache.go:91.34,92.53 1 0
github.com/autom8ter/machine/cache.go:92.53,96.3 3 0
github.com/autom8ter/machine/cache.go:99.35,100.24 1 4
github.com/autom8ter/machine/cache.go:100.24,101.22 1 3
github.com/autom8ter/machine/cache.go:104.3,104.54 1 3
github.com/autom8ter/machine/cache.go:109.3,109.26 1 3
github.com/autom8ter/machine/cache.go:101.22,103.4 1 3
github.com/autom8ter/machine/cache.go:104.54,108.4 3 1
github.com/autom8ter/machine/cache.go:123.24,124.49 1 1
github.com/autom8ter/machine/cache.go:124.49,127.45 3 1
github.com/autom8ter/machine/cache.go:130.3,130.14 1 1
github.com/autom8ter/machine/cache.go:127.45,129.4 1 1
github.com/autom8ter/machine/cache.go:134.58,137.13 2 3
github.com/autom8ter/machine/cache.go:141.2,143.62 2 2
github.com/autom8ter/machine/cache.go:147.2,147.24 1 1
github.com/autom8ter/machine/cache.go:137.13,139.3 1 1
github.com/autom8ter/machine/cache.go:143.62,145.3 1 1
github.com/autom8ter/machine/cache.go:150.81,153.18 2 2
github.com/autom8ter/machine/cache.go:157.2,160.4 1 2
github.com/autom8ter/machine/cache.go:153.18,155.3 1 2
github.com/autom8ter/machine/cache.go:163.60,165.49 2 0
github.com/autom8ter/machine/cache.go:165.49,168.45 2 0
github.com/autom8ter/machine/cache.go:172.3,172.27 1 0
github.com/autom8ter/machine/cache.go:168.45,170.4 1 0
github.com/autom8ter/machine/cache.go:176.41,178.2 1 1
github.com/autom8ter/machine/cache.go:180.27,182.49 2 0
github.com/autom8ter/machine/cache.go:186.2,186.10 1 0
github.com/autom8ter/machine/cache.go:182.49,185.3 2 0
github.com/autom8ter/machine/cache.go:189.25,190.19 1 1
github.com/autom8ter/machine/cache.go:190.19,193.3 2 1
github.com/autom8ter/machine/middlewares.go:9.43,10.28 1 104
github.com/autom8ter/machine/middlewares.go:10.28,11.32 1 104
github.com/autom8ter/machine/middlewares.go:11.32,13.8 2 104
github.com/autom8ter/machine/middlewares.go:13.8,14.12 1 3023
github.com/autom8ter/machine/middlewares.go:15.37,16.12 1 104
github.com/autom8ter/machine/middlewares.go:17.21,18.17 1 2919
github.com/autom8ter/machine/middlewares.go:27.63,28.28 1 0
github.com/autom8ter/machine/middlewares.go:28.28,29.32 1 0
github.com/autom8ter/machine/middlewares.go:29.32,30.8 1 0
github.com/autom8ter/machine/middlewares.go:30.8,31.12 1 0
github.com/autom8ter/machine/middlewares.go:32.37,33.12 1 0
github.com/autom8ter/machine/middlewares.go:34.13,35.31 1 0
github.com/autom8ter/machine/middlewares.go:38.6,38.17 1 0
github.com/autom8ter/machine/middlewares.go:35.31,37.7 1 0
github.com/autom8ter/machine/middlewares.go:46.56,47.28 1 0
github.com/autom8ter/machine/middlewares.go:47.28,48.32 1 0
github.com/autom8ter/machine/middlewares.go:48.32,51.4 2 0
github.com/autom8ter/machine/middlewares.go:56.58,57.28 1 0
github.com/autom8ter/machine/middlewares.go:57.28,58.32 1 0
github.com/autom8ter/machine/middlewares.go:58.32,61.4 2 0
github.com/autom8ter/machine/middlewares.go:67.65,68.28 1 0
github.com/autom8ter/machine/middlewares.go:68.28,69.32 1 0
github.com/autom8ter/machine/middlewares.go:69.32,70.28 1 0
github.com/autom8ter/machine/middlewares.go:70.28,72.5 1 0
github.com/autom8ter/machine/middlewares.go:78.32,79.28 1 1
github.com/autom8ter/machine/middlewares.go:79.28,80.32 1 6
github.com/autom8ter/machine/middlewares.go:80.32,81.17 1 6
github.com/autom8ter/machine/middlewares.go:87.4,87.15 1 6
github.com/autom8ter/machine/middlewares.go:81.17,83.31 2 6
github.com/autom8ter/machine/middlewares.go:83.31,85.6 1 0
github.com/autom8ter/machine/util.go:9.23,12.16 3 110
github.com/autom8ter/machine/util.go:15.2,16.43 1 110
github.com/autom8ter/machine/util.go:12.16,14.3 1 0
github.com/autom8ter/machine/machine.go:41.56,43.28 2 4
github.com/autom8ter/machine/machine.go:46.2,46.27 1 4
github.com/autom8ter/machine/machine.go:49.2,49.24 1 4
github.com/autom8ter/machine/machine.go:55.2,55.40 1 4
github.com/autom8ter/machine/machine.go:58.2,59.25 2 4
github.com/autom8ter/machine/machine.go:62.2,62.26 1 4
github.com/autom8ter/machine/machine.go:65.2,65.19 1 4
github.com/autom8ter/machine/machine.go:68.2,69.34 2 4
github.com/autom8ter/machine/machine.go:72.2,72.23 1 4
github.com/autom8ter/machine/machine.go:75.2,99.10 3 4
github.com/autom8ter/machine/machine.go:43.28,45.3 1 10
github.com/autom8ter/machine/machine.go:46.27,48.3 1 2
github.com/autom8ter/machine/machine.go:49.24,54.3 1 3
github.com/autom8ter/machine/machine.go:55.40,57.3 1 1
github.com/autom8ter/machine/machine.go:59.25,61.3 1 1
github.com/autom8ter/machine/machine.go:62.26,64.3 1 1
github.com/autom8ter/machine/machine.go:65.19,67.3 1 4
github.com/autom8ter/machine/machine.go:69.34,71.3 1 0
github.com/autom8ter/machine/machine.go:72.23,74.3 1 3
github.com/autom8ter/machine/machine.go:103.32,107.2 3 18410325
github.com/autom8ter/machine/machine.go:110.31,112.2 1 2265241
github.com/autom8ter/machine/machine.go:115.35,117.2 1 0
github.com/autom8ter/machine/machine.go:120.33,122.2 1 10
github.com/autom8ter/machine/machine.go:126.46,128.27 2 106
github.com/autom8ter/machine/machine.go:131.2,131.24 1 106
github.com/autom8ter/machine/machine.go:128.27,130.3 1 213
github.com/autom8ter/machine/machine.go:131.24,136.3 1 106
github.com/autom8ter/machine/machine.go:139.27,142.6 3 4
github.com/autom8ter/machine/machine.go:142.6,143.10 1 110
github.com/autom8ter/machine/machine.go:144.21,145.14 1 0
github.com/autom8ter/machine/machine.go:146.17,147.10 1 4
github.com/autom8ter/machine/machine.go:148.27,149.44 1 106
github.com/autom8ter/machine/machine.go:152.4,152.39 1 106
github.com/autom8ter/machine/machine.go:155.4,155.52 1 106
github.com/autom8ter/machine/machine.go:158.4,158.23 1 106
github.com/autom8ter/machine/machine.go:161.4,162.46 2 106
github.com/autom8ter/machine/machine.go:165.4,165.29 1 106
github.com/autom8ter/machine/machine.go:168.4,168.30 1 106
github.com/autom8ter/machine/machine.go:171.4,184.14 6 106
github.com/autom8ter/machine/machine.go:149.44,151.5 1 104
github.com/autom8ter/machine/machine.go:152.39,154.5 1 6
github.com/autom8ter/machine/machine.go:155.53,157.5 0 0
github.com/autom8ter/machine/machine.go:158.23,160.5 1 106
github.com/autom8ter/machine/machine.go:162.46,164.5 1 0
github.com/autom8ter/machine/machine.go:165.29,167.5 1 4
github.com/autom8ter/machine/machine.go:168.30,170.5 1 0
github.com/autom8ter/machine/machine.go:184.14,187.5 2 106
github.com/autom8ter/machine/machine.go:194.26,195.20 1 2265211
github.com/autom8ter/machine/machine.go:198.2,198.21 1 2265211
github.com/autom8ter/machine/machine.go:195.21,197.3 0 0
github.com/autom8ter/machine/machine.go:198.21,199.28 1 16145007
github.com/autom8ter/machine/machine.go:201.3,201.36 1 16145007
github.com/autom8ter/machine/machine.go:199.29,200.4 0 0
github.com/autom8ter/machine/machine.go:201.36,203.4 1 2265208
github.com/autom8ter/machine/machine.go:208.28,209.24 1 5
github.com/autom8ter/machine/machine.go:209.24,210.22 1 4
github.com/autom8ter/machine/machine.go:210.22,212.37 2 4
github.com/autom8ter/machine/machine.go:212.37,214.5 1 1
github.com/autom8ter/machine/machine.go:220.34,226.31 6 29
github.com/autom8ter/machine/machine.go:236.2,249.35 2 29
github.com/autom8ter/machine/machine.go:252.2,252.14 1 29
github.com/autom8ter/machine/machine.go:226.31,227.15 1 160
github.com/autom8ter/machine/machine.go:227.15,234.4 1 160
github.com/autom8ter/machine/machine.go:249.35,251.3 1 9
github.com/autom8ter/machine/machine.go:256.27,257.23 1 5
github.com/autom8ter/machine/machine.go:257.23,259.36 2 4
github.com/autom8ter/machine/machine.go:262.3,264.20 3 4
github.com/autom8ter/machine/machine.go:259.36,261.4 1 1
github.com/autom8ter/machine/machine.go:271.45,279.2 7 1
github.com/autom8ter/machine/machine.go:282.37,284.2 1 0
github.com/autom8ter/machine/machine.go:287.46,291.2 3 0
github.com/autom8ter/machine/machine.go:294.44,297.33 3 0
github.com/autom8ter/machine/machine.go:297.33,299.3 1 0
github.com/autom8ter/machine/machine.go:303.31,305.2 1 1
github.com/autom8ter/machine/options.go:22.39,23.25 1 105
github.com/autom8ter/machine/options.go:23.25,25.3 1 105
github.com/autom8ter/machine/options.go:29.33,30.25 1 0
github.com/autom8ter/machine/options.go:30.25,32.3 1 0
github.com/autom8ter/machine/options.go:36.44,37.25 1 4
github.com/autom8ter/machine/options.go:37.25,39.3 1 4
github.com/autom8ter/machine/options.go:43.47,44.25 1 0
github.com/autom8ter/machine/options.go:44.25,46.3 1 0
github.com/autom8ter/machine/options.go:50.57,51.25 1 104
github.com/autom8ter/machine/options.go:51.25,53.3 1 104
github.com/autom8ter/machine/options.go:57.47,58.25 1 0
github.com/autom8ter/machine/options.go:58.25,61.3 2 0
github.com/autom8ter/machine/options.go:85.35,86.25 1 2
github.com/autom8ter/machine/options.go:86.25,87.15 1 2
github.com/autom8ter/machine/options.go:90.3,90.22 1 2
github.com/autom8ter/machine/options.go:87.15,88.52 1 0
github.com/autom8ter/machine/options.go:95.36,96.25 1 1
github.com/autom8ter/machine/options.go:96.25,98.3 1 1
github.com/autom8ter/machine/options.go:102.33,103.25 1 1
github.com/autom8ter/machine/options.go:103.25,105.3 1 1
github.com/autom8ter/machine/options.go:109.45,110.25 1 0
github.com/autom8ter/machine/options.go:110.25,112.3 1 0
github.com/autom8ter/machine/options.go:117.53,118.25 1 2
github.com/autom8ter/machine/options.go:118.25,120.3 1 2
github.com/autom8ter/machine/options.go:124.34,125.25 1 1
github.com/autom8ter/machine/options.go:125.25,127.3 1 1
github.com/autom8ter/machine/options.go:131.42,132.25 1 1
github.com/autom8ter/machine/options.go:132.25,135.3 2 1
github.com/autom8ter/machine/options.go:139.40,140.25 1 1
github.com/autom8ter/machine/options.go:140.25,142.3 1 1
github.com/autom8ter/machine/options.go:146.43,147.25 1 1
github.com/autom8ter/machine/options.go:147.25,149.3 1 1
github.com/autom8ter/machine/options.go:153.28,154.25 1 0
github.com/autom8ter/machine/options.go:154.25,156.3 1 0
github.com/autom8ter/machine/routine.go:41.47,43.2 1 3038
github.com/autom8ter/machine/routine.go:45.34,47.2 1 3065
github.com/autom8ter/machine/routine.go:49.37,51.2 1 160
github.com/autom8ter/machine/routine.go:53.30,55.2 1 0
github.com/autom8ter/machine/routine.go:57.39,59.2 1 160
github.com/autom8ter/machine/routine.go:61.46,63.2 1 160
github.com/autom8ter/machine/routine.go:65.68,67.2 1 5
github.com/autom8ter/machine/routine.go:69.84,71.2 1 1
github.com/autom8ter/machine/routine.go:73.40,75.2 1 14
github.com/autom8ter/machine/routine.go:77.28,78.23 1 106
github.com/autom8ter/machine/routine.go:78.23,83.3 4 106
